mode: set
github.com/fel1xw/reply/reply.go:52.47,57.35 2 1
github.com/fel1xw/reply/reply.go:61.2,63.3 1 1
github.com/fel1xw/reply/reply.go:57.35,59.3 1 1
github.com/fel1xw/reply/reply.go:67.63,68.37 1 1
github.com/fel1xw/reply/reply.go:68.37,70.3 1 1
github.com/fel1xw/reply/reply.go:74.38,76.2 1 1
github.com/fel1xw/reply/reply.go:79.37,81.2 1 1
github.com/fel1xw/reply/reply.go:84.69,86.2 1 1
github.com/fel1xw/reply/reply.go:89.89,90.42 1 1
github.com/fel1xw/reply/reply.go:93.2,96.40 3 1
github.com/fel1xw/reply/reply.go:90.42,92.3 1 1
github.com/fel1xw/reply/reply.go:100.76,102.2 1 1
github.com/fel1xw/reply/reply.go:105.56,107.2 1 1
github.com/fel1xw/reply/reply.go:110.61,112.2 1 1
github.com/fel1xw/reply/reply.go:115.61,117.2 1 1
github.com/fel1xw/reply/reply.go:120.62,122.2 1 1
